2024-03-26 19:17:10,703 - ERROR - Non-compliant row in /app/data/hired_employees.csv at line 2: {'id': '2', 'name': 'Ty Hofer', 'datetime': '2021-05-30T05:43:46Z', 'department_id': '8', 'job_id': ''}
2024-03-26 19:17:10,703 - ERROR - Error: 1 validation error for HiredEmployee
job_id
  Input should be a valid integer [type=int_type, input_value=None, input_type=NoneType]
    For further information visit https://errors.pydantic.dev/2.6/v/int_type
2024-03-26 19:17:10,705 - ERROR - Non-compliant row in /app/data/hired_employees.csv at line 67: {'id': '67', 'name': 'Thia Morican', 'datetime': '2021-03-10T19:27:10Z', 'department_id': '', 'job_id': '104'}
2024-03-26 19:17:10,705 - ERROR - Error: 1 validation error for HiredEmployee
department_id
  Input should be a valid integer [type=int_type, input_value=None, input_type=NoneType]
    For further information visit https://errors.pydantic.dev/2.6/v/int_type
2024-03-26 19:17:10,705 - ERROR - Non-compliant row in /app/data/hired_employees.csv at line 84: {'id': '84', 'name': 'Ludvig Norwood', 'datetime': '2021-02-26T18:47:53Z', 'department_id': '3', 'job_id': ''}
2024-03-26 19:17:10,705 - ERROR - Error: 1 validation error for HiredEmployee
job_id
  Input should be a valid integer [type=int_type, input_value=None, input_type=NoneType]
    For further information visit https://errors.pydantic.dev/2.6/v/int_type
2024-03-26 19:17:10,705 - ERROR - Non-compliant row in /app/data/hired_employees.csv at line 87: {'id': '87', 'name': 'Cirstoforo Martinetto', 'datetime': '2021-10-15T09:19:20Z', 'department_id': '', 'job_id': '84'}
2024-03-26 19:17:10,705 - ERROR - Error: 1 validation error for HiredEmployee
department_id
  Input should be a valid integer [type=int_type, input_value=None, input_type=NoneType]
    For further information visit https://errors.pydantic.dev/2.6/v/int_type
2024-03-26 19:17:10,706 - ERROR - Non-compliant row in /app/data/hired_employees.csv at line 97: {'id': '97', 'name': 'Beltran Natte', 'datetime': '2021-11-01T05:12:01Z', 'department_id': '', 'job_id': '67'}
2024-03-26 19:17:10,706 - ERROR - Error: 1 validation error for HiredEmployee
department_id
  Input should be a valid integer [type=int_type, input_value=None, input_type=NoneType]
    For further information visit https://errors.pydantic.dev/2.6/v/int_type
2024-03-26 19:17:10,707 - ERROR - Non-compliant row in /app/data/hired_employees.csv at line 133: {'id': '133', 'name': 'Jennine Wapol', 'datetime': '2022-01-24T14:45:57Z', 'department_id': '', 'job_id': '49'}
2024-03-26 19:17:10,707 - ERROR - Error: 1 validation error for HiredEmployee
department_id
  Input should be a valid integer [type=int_type, input_value=None, input_type=NoneType]
    For further information visit https://errors.pydantic.dev/2.6/v/int_type
2024-03-26 19:17:10,707 - ERROR - Non-compliant row in /app/data/hired_employees.csv at line 157: {'id': '157', 'name': 'Kellia Barribal', 'datetime': '', 'department_id': '4', 'job_id': '61'}
2024-03-26 19:17:10,707 - ERROR - Error: 1 validation error for HiredEmployee
datetime
  Input should be a valid datetime or date, input is too short [type=datetime_from_date_parsing, input_value='', input_type=str]
    For further information visit https://errors.pydantic.dev/2.6/v/datetime_from_date_parsing
2024-03-26 19:17:10,708 - ERROR - Non-compliant row in /app/data/hired_employees.csv at line 198: {'id': '198', 'name': 'Carline Fryman', 'datetime': '2021-05-29T00:23:02Z', 'department_id': '5', 'job_id': ''}
2024-03-26 19:17:10,708 - ERROR - Error: 1 validation error for HiredEmployee
job_id
  Input should be a valid integer [type=int_type, input_value=None, input_type=NoneType]
    For further information visit https://errors.pydantic.dev/2.6/v/int_type
2024-03-26 19:17:10,708 - ERROR - Non-compliant row in /app/data/hired_employees.csv at line 207: {'id': '207', 'name': 'Ahmad Fader', 'datetime': '2021-05-03T04:57:25Z', 'department_id': '', 'job_id': '66'}
2024-03-26 19:17:10,708 - ERROR - Error: 1 validation error for HiredEmployee
department_id
  Input should be a valid integer [type=int_type, input_value=None, input_type=NoneType]
    For further information visit https://errors.pydantic.dev/2.6/v/int_type
2024-03-26 19:17:10,708 - ERROR - Non-compliant row in /app/data/hired_employees.csv at line 216: {'id': '216', 'name': 'Theobald Tzarkov', 'datetime': '2022-01-26T14:56:48Z', 'department_id': '', 'job_id': '87'}
2024-03-26 19:17:10,708 - ERROR - Error: 1 validation error for HiredEmployee
department_id
  Input should be a valid integer [type=int_type, input_value=None, input_type=NoneType]
    For further information visit https://errors.pydantic.dev/2.6/v/int_type
2024-03-26 19:17:10,711 - ERROR - Non-compliant row in /app/data/hired_employees.csv at line 393: {'id': '393', 'name': 'Bogey Hanwell', 'datetime': '2022-01-05T17:29:34Z', 'department_id': '6', 'job_id': ''}
2024-03-26 19:17:10,711 - ERROR - Error: 1 validation error for HiredEmployee
job_id
  Input should be a valid integer [type=int_type, input_value=None, input_type=NoneType]
    For further information visit https://errors.pydantic.dev/2.6/v/int_type
2024-03-26 19:17:10,713 - ERROR - Non-compliant row in /app/data/hired_employees.csv at line 533: {'id': '533', 'name': 'Tiertza Vanyashin', 'datetime': '2022-02-04T20:16:06Z', 'department_id': '3', 'job_id': ''}
2024-03-26 19:17:10,713 - ERROR - Error: 1 validation error for HiredEmployee
job_id
  Input should be a valid integer [type=int_type, input_value=None, input_type=NoneType]
    For further information visit https://errors.pydantic.dev/2.6/v/int_type
2024-03-26 19:17:10,714 - ERROR - Non-compliant row in /app/data/hired_employees.csv at line 663: {'id': '663', 'name': 'Catha Gowrie', 'datetime': '', 'department_id': '4', 'job_id': '85'}
2024-03-26 19:17:10,714 - ERROR - Error: 1 validation error for HiredEmployee
datetime
  Input should be a valid datetime or date, input is too short [type=datetime_from_date_parsing, input_value='', input_type=str]
    For further information visit https://errors.pydantic.dev/2.6/v/datetime_from_date_parsing
2024-03-26 19:17:10,715 - ERROR - Non-compliant row in /app/data/hired_employees.csv at line 685: {'id': '685', 'name': 'Bruno Pales', 'datetime': '2022-01-16T19:23:39Z', 'department_id': '', 'job_id': '92'}
2024-03-26 19:17:10,715 - ERROR - Error: 1 validation error for HiredEmployee
department_id
  Input should be a valid integer [type=int_type, input_value=None, input_type=NoneType]
    For further information visit https://errors.pydantic.dev/2.6/v/int_type
2024-03-26 19:17:10,716 - ERROR - Non-compliant row in /app/data/hired_employees.csv at line 758: {'id': '758', 'name': 'Dyanne Rainy', 'datetime': '2021-06-11T00:56:42Z', 'department_id': '8', 'job_id': ''}
2024-03-26 19:17:10,716 - ERROR - Error: 1 validation error for HiredEmployee
job_id
  Input should be a valid integer [type=int_type, input_value=None, input_type=NoneType]
    For further information visit https://errors.pydantic.dev/2.6/v/int_type
2024-03-26 19:17:10,716 - ERROR - Non-compliant row in /app/data/hired_employees.csv at line 789: {'id': '789', 'name': 'Jennine Fakeley', 'datetime': '', 'department_id': '2', 'job_id': '94'}
2024-03-26 19:17:10,716 - ERROR - Error: 1 validation error for HiredEmployee
datetime
  Input should be a valid datetime or date, input is too short [type=datetime_from_date_parsing, input_value='', input_type=str]
    For further information visit https://errors.pydantic.dev/2.6/v/datetime_from_date_parsing
2024-03-26 19:17:10,716 - ERROR - Non-compliant row in /app/data/hired_employees.csv at line 792: {'id': '792', 'name': 'Hetty Cawthery', 'datetime': '2022-01-21T11:08:04Z', 'department_id': '10', 'job_id': ''}
2024-03-26 19:17:10,716 - ERROR - Error: 1 validation error for HiredEmployee
job_id
  Input should be a valid integer [type=int_type, input_value=None, input_type=NoneType]
    For further information visit https://errors.pydantic.dev/2.6/v/int_type
2024-03-26 19:17:10,717 - ERROR - Non-compliant row in /app/data/hired_employees.csv at line 824: {'id': '824', 'name': 'Kaitlynn Rannald', 'datetime': '2021-04-18T15:11:19Z', 'department_id': '', 'job_id': '64'}
2024-03-26 19:17:10,717 - ERROR - Error: 1 validation error for HiredEmployee
department_id
  Input should be a valid integer [type=int_type, input_value=None, input_type=NoneType]
    For further information visit https://errors.pydantic.dev/2.6/v/int_type
2024-03-26 19:17:10,717 - ERROR - Non-compliant row in /app/data/hired_employees.csv at line 832: {'id': '832', 'name': 'Letta Paull', 'datetime': '2021-10-29T02:35:02Z', 'department_id': '', 'job_id': '122'}
2024-03-26 19:17:10,717 - ERROR - Error: 1 validation error for HiredEmployee
department_id
  Input should be a valid integer [type=int_type, input_value=None, input_type=NoneType]
    For further information visit https://errors.pydantic.dev/2.6/v/int_type
2024-03-26 19:17:10,719 - ERROR - Non-compliant row in /app/data/hired_employees.csv at line 932: {'id': '932', 'name': 'Celeste Stops', 'datetime': '2021-02-07T22:14:01Z', 'department_id': '8', 'job_id': ''}
2024-03-26 19:17:10,719 - ERROR - Error: 1 validation error for HiredEmployee
job_id
  Input should be a valid integer [type=int_type, input_value=None, input_type=NoneType]
    For further information visit https://errors.pydantic.dev/2.6/v/int_type
2024-03-26 19:17:10,719 - ERROR - Non-compliant row in /app/data/hired_employees.csv at line 942: {'id': '942', 'name': 'Joaquin Kamenar', 'datetime': '2021-11-29T11:54:05Z', 'department_id': '', 'job_id': '64'}
2024-03-26 19:17:10,719 - ERROR - Error: 1 validation error for HiredEmployee
department_id
  Input should be a valid integer [type=int_type, input_value=None, input_type=NoneType]
    For further information visit https://errors.pydantic.dev/2.6/v/int_type
2024-03-26 19:17:10,719 - ERROR - Non-compliant row in /app/data/hired_employees.csv at line 955: {'id': '955', 'name': 'Shena Gore', 'datetime': '2021-08-16T21:25:08Z', 'department_id': '9', 'job_id': ''}
2024-03-26 19:17:10,719 - ERROR - Error: 1 validation error for HiredEmployee
job_id
  Input should be a valid integer [type=int_type, input_value=None, input_type=NoneType]
    For further information visit https://errors.pydantic.dev/2.6/v/int_type
2024-03-26 19:17:10,719 - ERROR - Non-compliant row in /app/data/hired_employees.csv at line 961: {'id': '961', 'name': 'Lionello Andriesse', 'datetime': '2022-02-12T05:19:44Z', 'department_id': '8', 'job_id': ''}
2024-03-26 19:17:10,719 - ERROR - Error: 1 validation error for HiredEmployee
job_id
  Input should be a valid integer [type=int_type, input_value=None, input_type=NoneType]
    For further information visit https://errors.pydantic.dev/2.6/v/int_type
2024-03-26 19:17:10,779 - ERROR - Non-compliant row in /app/data/hired_employees.csv at line 1092: {'id': '1092', 'name': 'Floria Bineham', 'datetime': '', 'department_id': '7', 'job_id': '137'}
2024-03-26 19:17:10,779 - ERROR - Error: 1 validation error for HiredEmployee
datetime
  Input should be a valid datetime or date, input is too short [type=datetime_from_date_parsing, input_value='', input_type=str]
    For further information visit https://errors.pydantic.dev/2.6/v/datetime_from_date_parsing
2024-03-26 19:17:10,779 - ERROR - Non-compliant row in /app/data/hired_employees.csv at line 1095: {'id': '1095', 'name': 'Lowell Blaber', 'datetime': '', 'department_id': '9', 'job_id': '141'}
2024-03-26 19:17:10,779 - ERROR - Error: 1 validation error for HiredEmployee
datetime
  Input should be a valid datetime or date, input is too short [type=datetime_from_date_parsing, input_value='', input_type=str]
    For further information visit https://errors.pydantic.dev/2.6/v/datetime_from_date_parsing
2024-03-26 19:17:10,779 - ERROR - Non-compliant row in /app/data/hired_employees.csv at line 1098: {'id': '1098', 'name': 'Colman Bleesing', 'datetime': '2021-10-12T17:55:32Z', 'department_id': '', 'job_id': '77'}
2024-03-26 19:17:10,779 - ERROR - Error: 1 validation error for HiredEmployee
department_id
  Input should be a valid integer [type=int_type, input_value=None, input_type=NoneType]
    For further information visit https://errors.pydantic.dev/2.6/v/int_type
2024-03-26 19:17:10,779 - ERROR - Non-compliant row in /app/data/hired_employees.csv at line 1110: {'id': '1110', 'name': 'Renee Bowe', 'datetime': '2021-08-31T20:26:32Z', 'department_id': '', 'job_id': '112'}
2024-03-26 19:17:10,779 - ERROR - Error: 1 validation error for HiredEmployee
department_id
  Input should be a valid integer [type=int_type, input_value=None, input_type=NoneType]
    For further information visit https://errors.pydantic.dev/2.6/v/int_type
2024-03-26 19:17:10,782 - ERROR - Non-compliant row in /app/data/hired_employees.csv at line 1252: {'id': '1252', 'name': 'Merrily Di Biaggi', 'datetime': '', 'department_id': '7', 'job_id': '19'}
2024-03-26 19:17:10,782 - ERROR - Error: 1 validation error for HiredEmployee
datetime
  Input should be a valid datetime or date, input is too short [type=datetime_from_date_parsing, input_value='', input_type=str]
    For further information visit https://errors.pydantic.dev/2.6/v/datetime_from_date_parsing
2024-03-26 19:17:10,782 - ERROR - Non-compliant row in /app/data/hired_employees.csv at line 1279: {'id': '1279', 'name': 'Phaidra Dubbin', 'datetime': '2021-10-25T12:19:32Z', 'department_id': '', 'job_id': '38'}
2024-03-26 19:17:10,782 - ERROR - Error: 1 validation error for HiredEmployee
department_id
  Input should be a valid integer [type=int_type, input_value=None, input_type=NoneType]
    For further information visit https://errors.pydantic.dev/2.6/v/int_type
2024-03-26 19:17:10,782 - ERROR - Non-compliant row in /app/data/hired_employees.csv at line 1304: {'id': '1304', 'name': 'Tildie Elby', 'datetime': '2021-09-29T14:02:27Z', 'department_id': '8', 'job_id': ''}
2024-03-26 19:17:10,782 - ERROR - Error: 1 validation error for HiredEmployee
job_id
  Input should be a valid integer [type=int_type, input_value=None, input_type=NoneType]
    For further information visit https://errors.pydantic.dev/2.6/v/int_type
2024-03-26 19:17:10,783 - ERROR - Non-compliant row in /app/data/hired_employees.csv at line 1323: {'id': '1323', 'name': 'Erv Fazan', 'datetime': '', 'department_id': '8', 'job_id': '34'}
2024-03-26 19:17:10,783 - ERROR - Error: 1 validation error for HiredEmployee
datetime
  Input should be a valid datetime or date, input is too short [type=datetime_from_date_parsing, input_value='', input_type=str]
    For further information visit https://errors.pydantic.dev/2.6/v/datetime_from_date_parsing
2024-03-26 19:17:10,784 - ERROR - Non-compliant row in /app/data/hired_employees.csv at line 1413: {'id': '1413', 'name': 'Berna Grigorkin', 'datetime': '2021-08-02T13:21:07Z', 'department_id': '', 'job_id': '103'}
2024-03-26 19:17:10,784 - ERROR - Error: 1 validation error for HiredEmployee
department_id
  Input should be a valid integer [type=int_type, input_value=None, input_type=NoneType]
    For further information visit https://errors.pydantic.dev/2.6/v/int_type
2024-03-26 19:17:10,784 - ERROR - Non-compliant row in /app/data/hired_employees.csv at line 1423: {'id': '1423', 'name': 'Rozelle Hadleigh', 'datetime': '2021-08-08T01:23:27Z', 'department_id': '', 'job_id': '108'}
2024-03-26 19:17:10,784 - ERROR - Error: 1 validation error for HiredEmployee
department_id
  Input should be a valid integer [type=int_type, input_value=None, input_type=NoneType]
    For further information visit https://errors.pydantic.dev/2.6/v/int_type
2024-03-26 19:17:10,784 - ERROR - Non-compliant row in /app/data/hired_employees.csv at line 1432: {'id': '1432', 'name': 'Jerrine Hammerson', 'datetime': '2022-01-20T22:47:27Z', 'department_id': '', 'job_id': '98'}
2024-03-26 19:17:10,784 - ERROR - Error: 1 validation error for HiredEmployee
department_id
  Input should be a valid integer [type=int_type, input_value=None, input_type=NoneType]
    For further information visit https://errors.pydantic.dev/2.6/v/int_type
2024-03-26 19:17:10,785 - ERROR - Non-compliant row in /app/data/hired_employees.csv at line 1463: {'id': '1463', 'name': 'Shell Houdhury', 'datetime': '2022-01-04T17:20:18Z', 'department_id': '', 'job_id': '50'}
2024-03-26 19:17:10,785 - ERROR - Error: 1 validation error for HiredEmployee
department_id
  Input should be a valid integer [type=int_type, input_value=None, input_type=NoneType]
    For further information visit https://errors.pydantic.dev/2.6/v/int_type
2024-03-26 19:17:10,785 - ERROR - Non-compliant row in /app/data/hired_employees.csv at line 1467: {'id': '1467', 'name': 'Sully Huc', 'datetime': '', 'department_id': '8', 'job_id': '148'}
2024-03-26 19:17:10,785 - ERROR - Error: 1 validation error for HiredEmployee
datetime
  Input should be a valid datetime or date, input is too short [type=datetime_from_date_parsing, input_value='', input_type=str]
    For further information visit https://errors.pydantic.dev/2.6/v/datetime_from_date_parsing
2024-03-26 19:17:10,785 - ERROR - Non-compliant row in /app/data/hired_employees.csv at line 1474: {'id': '1474', 'name': 'Calhoun Iacovolo', 'datetime': '2021-03-06T03:02:20Z', 'department_id': '7', 'job_id': ''}
2024-03-26 19:17:10,785 - ERROR - Error: 1 validation error for HiredEmployee
job_id
  Input should be a valid integer [type=int_type, input_value=None, input_type=NoneType]
    For further information visit https://errors.pydantic.dev/2.6/v/int_type
2024-03-26 19:17:10,786 - ERROR - Non-compliant row in /app/data/hired_employees.csv at line 1483: {'id': '1483', 'name': 'Paco Ivain', 'datetime': '', 'department_id': '5', 'job_id': '41'}
2024-03-26 19:17:10,786 - ERROR - Error: 1 validation error for HiredEmployee
datetime
  Input should be a valid datetime or date, input is too short [type=datetime_from_date_parsing, input_value='', input_type=str]
    For further information visit https://errors.pydantic.dev/2.6/v/datetime_from_date_parsing
2024-03-26 19:17:10,786 - ERROR - Non-compliant row in /app/data/hired_employees.csv at line 1523: {'id': '1523', 'name': 'Darelle Kenaway', 'datetime': '2021-05-08T10:51:07Z', 'department_id': '7', 'job_id': ''}
2024-03-26 19:17:10,786 - ERROR - Error: 1 validation error for HiredEmployee
job_id
  Input should be a valid integer [type=int_type, input_value=None, input_type=NoneType]
    For further information visit https://errors.pydantic.dev/2.6/v/int_type
2024-03-26 19:17:10,787 - ERROR - Non-compliant row in /app/data/hired_employees.csv at line 1561: {'id': '1561', 'name': 'Saxon Lehmann', 'datetime': '2021-10-28T18:29:31Z', 'department_id': '3', 'job_id': ''}
2024-03-26 19:17:10,787 - ERROR - Error: 1 validation error for HiredEmployee
job_id
  Input should be a valid integer [type=int_type, input_value=None, input_type=NoneType]
    For further information visit https://errors.pydantic.dev/2.6/v/int_type
2024-03-26 19:17:10,787 - ERROR - Non-compliant row in /app/data/hired_employees.csv at line 1589: {'id': '1589', 'name': 'Emmeline MacGrath', 'datetime': '2021-12-12T04:57:39Z', 'department_id': '11', 'job_id': ''}
2024-03-26 19:17:10,787 - ERROR - Error: 1 validation error for HiredEmployee
job_id
  Input should be a valid integer [type=int_type, input_value=None, input_type=NoneType]
    For further information visit https://errors.pydantic.dev/2.6/v/int_type
2024-03-26 19:17:10,787 - ERROR - Non-compliant row in /app/data/hired_employees.csv at line 1590: {'id': '1590', 'name': 'Niven Mackrell', 'datetime': '2021-05-17T07:18:48Z', 'department_id': '', 'job_id': '85'}
2024-03-26 19:17:10,787 - ERROR - Error: 1 validation error for HiredEmployee
department_id
  Input should be a valid integer [type=int_type, input_value=None, input_type=NoneType]
    For further information visit https://errors.pydantic.dev/2.6/v/int_type
2024-03-26 19:17:10,787 - ERROR - Non-compliant row in /app/data/hired_employees.csv at line 1613: {'id': '1613', 'name': 'Sigrid Matysik', 'datetime': '2022-02-15T21:20:01Z', 'department_id': '', 'job_id': '143'}
2024-03-26 19:17:10,787 - ERROR - Error: 1 validation error for HiredEmployee
department_id
  Input should be a valid integer [type=int_type, input_value=None, input_type=NoneType]
    For further information visit https://errors.pydantic.dev/2.6/v/int_type
2024-03-26 19:17:10,788 - ERROR - Non-compliant row in /app/data/hired_employees.csv at line 1686: {'id': '1686', 'name': 'Bessy Oakeby', 'datetime': '', 'department_id': '4', 'job_id': '53'}
2024-03-26 19:17:10,788 - ERROR - Error: 1 validation error for HiredEmployee
datetime
  Input should be a valid datetime or date, input is too short [type=datetime_from_date_parsing, input_value='', input_type=str]
    For further information visit https://errors.pydantic.dev/2.6/v/datetime_from_date_parsing
2024-03-26 19:17:10,789 - ERROR - Non-compliant row in /app/data/hired_employees.csv at line 1714: {'id': '1714', 'name': 'Mala Pales', 'datetime': '2021-05-04T04:52:48Z', 'department_id': '', 'job_id': '70'}
2024-03-26 19:17:10,789 - ERROR - Error: 1 validation error for HiredEmployee
department_id
  Input should be a valid integer [type=int_type, input_value=None, input_type=NoneType]
    For further information visit https://errors.pydantic.dev/2.6/v/int_type
2024-03-26 19:17:10,789 - ERROR - Non-compliant row in /app/data/hired_employees.csv at line 1780: {'id': '1780', 'name': 'Annabelle Reilly', 'datetime': '', 'department_id': '6', 'job_id': '46'}
2024-03-26 19:17:10,789 - ERROR - Error: 1 validation error for HiredEmployee
datetime
  Input should be a valid datetime or date, input is too short [type=datetime_from_date_parsing, input_value='', input_type=str]
    For further information visit https://errors.pydantic.dev/2.6/v/datetime_from_date_parsing
2024-03-26 19:17:10,790 - ERROR - Non-compliant row in /app/data/hired_employees.csv at line 1814: {'id': '1814', 'name': 'Theodore Sammut', 'datetime': '', 'department_id': '6', 'job_id': '86'}
2024-03-26 19:17:10,790 - ERROR - Error: 1 validation error for HiredEmployee
datetime
  Input should be a valid datetime or date, input is too short [type=datetime_from_date_parsing, input_value='', input_type=str]
    For further information visit https://errors.pydantic.dev/2.6/v/datetime_from_date_parsing
2024-03-26 19:17:10,791 - ERROR - Non-compliant row in /app/data/hired_employees.csv at line 1860: {'id': '1860', 'name': 'Marin Slipper', 'datetime': '2022-02-08T10:39:02Z', 'department_id': '4', 'job_id': ''}
2024-03-26 19:17:10,791 - ERROR - Error: 1 validation error for HiredEmployee
job_id
  Input should be a valid integer [type=int_type, input_value=None, input_type=NoneType]
    For further information visit https://errors.pydantic.dev/2.6/v/int_type
2024-03-26 19:17:10,791 - ERROR - Non-compliant row in /app/data/hired_employees.csv at line 1869: {'id': '1869', 'name': 'Cesaro Solomon', 'datetime': '', 'department_id': '6', 'job_id': '66'}
2024-03-26 19:17:10,791 - ERROR - Error: 1 validation error for HiredEmployee
datetime
  Input should be a valid datetime or date, input is too short [type=datetime_from_date_parsing, input_value='', input_type=str]
    For further information visit https://errors.pydantic.dev/2.6/v/datetime_from_date_parsing
2024-03-26 19:17:10,793 - ERROR - Non-compliant row in /app/data/hired_employees.csv at line 1925: {'id': '1925', 'name': 'Cary Tothe', 'datetime': '', 'department_id': '3', 'job_id': '104'}
2024-03-26 19:17:10,793 - ERROR - Error: 1 validation error for HiredEmployee
datetime
  Input should be a valid datetime or date, input is too short [type=datetime_from_date_parsing, input_value='', input_type=str]
    For further information visit https://errors.pydantic.dev/2.6/v/datetime_from_date_parsing
2024-03-26 19:17:10,794 - ERROR - Non-compliant row in /app/data/hired_employees.csv at line 1987: {'id': '1987', 'name': 'Shaina Wyldish', 'datetime': '2021-12-13T10:05:09Z', 'department_id': '', 'job_id': '102'}
2024-03-26 19:17:10,794 - ERROR - Error: 1 validation error for HiredEmployee
department_id
  Input should be a valid integer [type=int_type, input_value=None, input_type=NoneType]
    For further information visit https://errors.pydantic.dev/2.6/v/int_type
